<?xml version="1.0" encoding="UTF-8"?>
<!-- Generated by org.testng.reporters.JUnitXMLReporter -->
<testsuite hostname="VBTSCPTESTING02" ignored="0" name="Default test" tests="3" failures="0" timestamp="29 Aug 2018 10:22:47 GMT" time="54.72" errors="0">
  <testcase name="ValidateHomePageTitle" time="0.032" classname="com.livehcm.testscripts.HomePageTest"/>
  <testcase name="ValidateHomePageURL" time="0.02" classname="com.livehcm.testscripts.HomePageTest"/>
  <testcase name="ValidateHomePageHCMLogo" time="0.103" classname="com.livehcm.testscripts.HomePageTest"/>
</testsuite> <!-- Default test -->
