<?xml version="1.0" encoding="UTF-8"?>
<!-- Generated by org.testng.reporters.JUnitXMLReporter -->
<testsuite hostname="VBTSCPTESTING02" ignored="0" name="HomePageTest" tests="3" failures="0" timestamp="30 Aug 2018 04:58:36 GMT" time="37.339" errors="0">
  <testcase name="ValidateHomePageTitle" time="0.019" classname="com.livehcm.testscripts.HomePageTest"/>
  <testcase name="ValidateHomePageURL" time="0.026" classname="com.livehcm.testscripts.HomePageTest"/>
  <testcase name="ValidateHomePageHCMLogo" time="0.071" classname="com.livehcm.testscripts.HomePageTest"/>
</testsuite> <!-- HomePageTest -->
