<?xml version="1.0" encoding="UTF-8"?>
<!-- Generated by org.testng.reporters.JUnitXMLReporter -->
<testsuite hostname="VBTSCPTESTING02" ignored="1" name="LoginPageTest" tests="3" failures="0" timestamp="30 Aug 2018 04:57:59 GMT" time="25.428" errors="0">
  <testcase name="ValidateLoginPageTitle" time="0.025" classname="com.livehcm.testscripts.LoginPageTest"/>
  <testcase name="ValidateLoginPageURL" time="0.021" classname="com.livehcm.testscripts.LoginPageTest"/>
  <testcase name="ValidateLoginPagePhoneLogo" time="0.121" classname="com.livehcm.testscripts.LoginPageTest"/>
  <testcase name="Login" time="0.0" classname="com.livehcm.testscripts.LoginPageTest">
    <ignored/>
  </testcase> <!-- Login -->
</testsuite> <!-- LoginPageTest -->
