<?xml version="1.0" encoding="UTF-8"?>
<!-- Generated by org.testng.reporters.JUnitXMLReporter -->
<testsuite hostname="VBTSCPTESTING02" ignored="0" name="HomePageTest" tests="3" failures="0" timestamp="29 Aug 2018 10:33:55 GMT" time="37.99" errors="0">
  <testcase name="ValidateHomePageTitle" time="0.031" classname="com.livehcm.testscripts.HomePageTest"/>
  <testcase name="ValidateHomePageURL" time="0.047" classname="com.livehcm.testscripts.HomePageTest"/>
  <testcase name="ValidateHomePageHCMLogo" time="0.095" classname="com.livehcm.testscripts.HomePageTest"/>
</testsuite> <!-- HomePageTest -->
