<?xml version="1.0" encoding="UTF-8"?>
<!-- Generated by org.testng.reporters.JUnitXMLReporter -->
<testsuite hostname="VBTSCPTESTING02" ignored="0" name="LoginPageTest" tests="4" failures="0" timestamp="29 Aug 2018 10:33:17 GMT" time="38.037" errors="0">
  <testcase name="ValidateLoginPageTitle" time="0.046" classname="com.livehcm.testscripts.LoginPageTest"/>
  <testcase name="ValidateLoginPageURL" time="0.031" classname="com.livehcm.testscripts.LoginPageTest"/>
  <testcase name="ValidateLoginPagePhoneLogo" time="0.095" classname="com.livehcm.testscripts.LoginPageTest"/>
  <testcase name="Login" time="5.481" classname="com.livehcm.testscripts.LoginPageTest"/>
</testsuite> <!-- LoginPageTest -->
